INFO:     Started server process [95365]
INFO:     Waiting for application startup.
INFO:     ASGI 'lifespan' protocol appears unsupported.
INFO:     Application startup complete.
INFO:     Uvicorn running on http://127.0.0.1:8001 (Press CTRL+C to quit)
ERROR:    Exception in ASGI application
Traceback (most recent call last):
  File "/Users/meandersoftware/Desktop/sukh/Rozi-Khan/backend/venv/lib/python3.13/site-packages/uvicorn/protocols/http/h11_impl.py", line 415, in run_asgi
    result = await app(  # type: ignore[func-returns-value]
             ^^^^^^^^^^^^^^^^^^^^^^^^^^^^^^^^^^^^^^^^^^^^^^
        self.scope, self.receive, self.send
        ^^^^^^^^^^^^^^^^^^^^^^^^^^^^^^^^^^^
    )
    ^
  File "/Users/meandersoftware/Desktop/sukh/Rozi-Khan/backend/venv/lib/python3.13/site-packages/uvicorn/middleware/proxy_headers.py", line 62, in __call__
    return await self.app(scope, receive, send)
           ^^^^^^^^^^^^^^^^^^^^^^^^^^^^^^^^^^^^
  File "/Users/meandersoftware/Desktop/sukh/Rozi-Khan/backend/venv/lib/python3.13/site-packages/fastapi/applications.py", line 1159, in __call__
    await super().__call__(scope, receive, send)
  File "/Users/meandersoftware/Desktop/sukh/Rozi-Khan/backend/venv/lib/python3.13/site-packages/starlette/applications.py", line 89, in __call__
    self.middleware_stack = self.build_middleware_stack()
                            ~~~~~~~~~~~~~~~~~~~~~~~~~~~^^
  File "/Users/meandersoftware/Desktop/sukh/Rozi-Khan/backend/venv/lib/python3.13/site-packages/fastapi/applications.py", line 1065, in build_middleware_stack
    app = cls(app, *args, **kwargs)
TypeError: CORSMiddleware.__init__() got an unexpected keyword argument 'allow_origin_regexes'. Did you mean 'allow_origin_regex'?
INFO:     127.0.0.1:54657 - "POST /api/auth/login HTTP/1.1" 500 Internal Server Error
INFO:     Shutting down
INFO:     Finished server process [95365]
